e:\ys_alva\tortoise_svn_ws\ar_env\branches\shan.ye\platforminterface\ar_env\build\x64\release\vc140.pdb
e:\ys_alva\tortoise_svn_ws\ar_env\branches\shan.ye\platforminterface\ar_env\build\x64\release\jniload.obj
e:\ys_alva\tortoise_svn_ws\ar_env\branches\shan.ye\platforminterface\ar_env\build\x64\release\renderingplugin.obj
e:\ys_alva\tortoise_svn_ws\ar_env\branches\shan.ye\platforminterface\ar_env\build\x64\release\renderapi_d3d9.obj
e:\ys_alva\tortoise_svn_ws\ar_env\branches\shan.ye\platforminterface\ar_env\build\x64\release\renderapi_d3d12.obj
e:\ys_alva\tortoise_svn_ws\ar_env\branches\shan.ye\platforminterface\ar_env\build\x64\release\renderapi_d3d11.obj
e:\ys_alva\tortoise_svn_ws\ar_env\branches\shan.ye\platforminterface\ar_env\build\x64\release\renderapi.obj
e:\ys_alva\tortoise_svn_ws\ar_env\branches\shan.ye\platforminterface\ar_env\build\x64\release\capture.obj
e:\ys_alva\tortoise_svn_ws\ar_env\branches\shan.ye\platforminterface\ar_env\build\x64\release\aligned_malloc.obj
e:\ys_alva\tortoise_svn_ws\ar_env\branches\shan.ye\platforminterface\ar_env\build\x64\release\jniholder.obj
e:\ys_alva\tortoise_svn_ws\ar_env\branches\shan.ye\platforminterface\ar_env\build\x64\release\androidhelper.obj
e:\ys_alva\tortoise_svn_ws\ar_env\branches\shan.ye\platforminterface\ar_env\build\x64\release\imagerotate.obj
e:\ys_alva\tortoise_svn_ws\ar_env\branches\shan.ye\platforminterface\ar_env\build\x64\release\imageresize.obj
e:\ys_alva\tortoise_svn_ws\ar_env\branches\shan.ye\platforminterface\ar_env\build\x64\release\imagefilter.obj
e:\ys_alva\tortoise_svn_ws\ar_env\branches\shan.ye\platforminterface\ar_env\build\x64\release\imagedistortioncorrection.obj
e:\ys_alva\tortoise_svn_ws\ar_env\branches\shan.ye\platforminterface\ar_env\build\x64\release\imageconverter.obj
e:\ys_alva\tortoise_svn_ws\ar_env\branches\shan.ye\platforminterface\ar_env\build\x64\release\bmphelper.obj
e:\ys_alva\tortoise_svn_ws\ar_env\branches\shan.ye\platforminterface\ar_env\build\x64\release\dump.obj
e:\ys_alva\tortoise_svn_ws\ar_env\branches\shan.ye\platforminterface\ar_env\build\x64\release\alvatimer.obj
e:\ys_alva\tortoise_svn_ws\ar_env\branches\shan.ye\platforminterface\ar_env\build\x64\release\dataqueue.obj
e:\ys_alva\tortoise_svn_ws\ar_env\branches\shan.ye\platforminterface\ar_env\build\x64\release\quarternionrotationmatrix.obj
e:\ys_alva\tortoise_svn_ws\ar_env\branches\shan.ye\platforminterface\ar_env\build\x64\release\eulerrotationmatrix.obj
e:\ys_alva\tortoise_svn_ws\ar_env\branches\shan.ye\platforminterface\ar_env\build\x64\release\ar_env.dll
e:\ys_alva\tortoise_svn_ws\ar_env\branches\shan.ye\platforminterface\ar_env\build\x64\release\ar_env.ipdb
e:\ys_alva\tortoise_svn_ws\ar_env\branches\shan.ye\platforminterface\ar_env\build\x64\release\ar_env.iobj
e:\ys_alva\tortoise_svn_ws\ar_env\branches\shan.ye\platforminterface\ar_env\build\x64\release\ar_env.pdb
e:\ys_alva\tortoise_svn_ws\ar_env\branches\shan.ye\platforminterface\ar_env\build\x64\release\ar_env.lib
e:\ys_alva\tortoise_svn_ws\ar_env\branches\shan.ye\platforminterface\ar_env\build\x64\release\ar_env.exp
e:\ys_alva\tortoise_svn_ws\ar_env\branches\shan.ye\platforminterface\ar_env\projects\visualstudio2015\..\..\build\x64\release\ar_env.pdb
e:\ys_alva\tortoise_svn_ws\ar_env\branches\shan.ye\platforminterface\ar_env\projects\visualstudio2015\..\..\build\x64\release\ar_env.dll
e:\ys_alva\tortoise_svn_ws\ar_env\branches\shan.ye\platforminterface\ar_env\build\x64\release\renderingplugin.tlog\cl.command.1.tlog
e:\ys_alva\tortoise_svn_ws\ar_env\branches\shan.ye\platforminterface\ar_env\build\x64\release\renderingplugin.tlog\cl.read.1.tlog
e:\ys_alva\tortoise_svn_ws\ar_env\branches\shan.ye\platforminterface\ar_env\build\x64\release\renderingplugin.tlog\cl.write.1.tlog
e:\ys_alva\tortoise_svn_ws\ar_env\branches\shan.ye\platforminterface\ar_env\build\x64\release\renderingplugin.tlog\link.command.1.tlog
e:\ys_alva\tortoise_svn_ws\ar_env\branches\shan.ye\platforminterface\ar_env\build\x64\release\renderingplugin.tlog\link.read.1.tlog
e:\ys_alva\tortoise_svn_ws\ar_env\branches\shan.ye\platforminterface\ar_env\build\x64\release\renderingplugin.tlog\link.write.1.tlog
e:\ys_alva\tortoise_svn_ws\ar_env\branches\shan.ye\platforminterface\ar_env\build\x64\release\renderingplugin.tlog\renderingplugin.write.1u.tlog
