e:\ys_alva\tortoise_svn_ws\ar_env\branches\shan.ye\platforminterface\ar_env\build\x64\debug\vc140.pdb
e:\ys_alva\tortoise_svn_ws\ar_env\branches\shan.ye\platforminterface\ar_env\build\x64\debug\jniload.obj
e:\ys_alva\tortoise_svn_ws\ar_env\branches\shan.ye\platforminterface\ar_env\build\x64\debug\renderingplugin.obj
e:\ys_alva\tortoise_svn_ws\ar_env\branches\shan.ye\platforminterface\ar_env\build\x64\debug\renderapi_d3d9.obj
e:\ys_alva\tortoise_svn_ws\ar_env\branches\shan.ye\platforminterface\ar_env\build\x64\debug\renderapi_d3d12.obj
e:\ys_alva\tortoise_svn_ws\ar_env\branches\shan.ye\platforminterface\ar_env\build\x64\debug\renderapi_d3d11.obj
e:\ys_alva\tortoise_svn_ws\ar_env\branches\shan.ye\platforminterface\ar_env\build\x64\debug\renderapi.obj
e:\ys_alva\tortoise_svn_ws\ar_env\branches\shan.ye\platforminterface\ar_env\build\x64\debug\capture.obj
e:\ys_alva\tortoise_svn_ws\ar_env\branches\shan.ye\platforminterface\ar_env\build\x64\debug\aligned_malloc.obj
e:\ys_alva\tortoise_svn_ws\ar_env\branches\shan.ye\platforminterface\ar_env\build\x64\debug\jniholder.obj
e:\ys_alva\tortoise_svn_ws\ar_env\branches\shan.ye\platforminterface\ar_env\build\x64\debug\androidhelper.obj
e:\ys_alva\tortoise_svn_ws\ar_env\branches\shan.ye\platforminterface\ar_env\build\x64\debug\imagerotate.obj
e:\ys_alva\tortoise_svn_ws\ar_env\branches\shan.ye\platforminterface\ar_env\build\x64\debug\imageresize.obj
e:\ys_alva\tortoise_svn_ws\ar_env\branches\shan.ye\platforminterface\ar_env\build\x64\debug\imagefilter.obj
e:\ys_alva\tortoise_svn_ws\ar_env\branches\shan.ye\platforminterface\ar_env\build\x64\debug\imagedistortioncorrection.obj
e:\ys_alva\tortoise_svn_ws\ar_env\branches\shan.ye\platforminterface\ar_env\build\x64\debug\imageconverter.obj
e:\ys_alva\tortoise_svn_ws\ar_env\branches\shan.ye\platforminterface\ar_env\build\x64\debug\bmphelper.obj
e:\ys_alva\tortoise_svn_ws\ar_env\branches\shan.ye\platforminterface\ar_env\build\x64\debug\dump.obj
e:\ys_alva\tortoise_svn_ws\ar_env\branches\shan.ye\platforminterface\ar_env\build\x64\debug\alvatimer.obj
e:\ys_alva\tortoise_svn_ws\ar_env\branches\shan.ye\platforminterface\ar_env\build\x64\debug\dataqueue.obj
e:\ys_alva\tortoise_svn_ws\ar_env\branches\shan.ye\platforminterface\ar_env\build\x64\debug\quarternionrotationmatrix.obj
e:\ys_alva\tortoise_svn_ws\ar_env\branches\shan.ye\platforminterface\ar_env\build\x64\debug\eulerrotationmatrix.obj
e:\ys_alva\tortoise_svn_ws\ar_env\branches\shan.ye\platforminterface\ar_env\build\x64\debug\ar_env.ilk
e:\ys_alva\tortoise_svn_ws\ar_env\branches\shan.ye\platforminterface\ar_env\build\x64\debug\ar_env.dll
e:\ys_alva\tortoise_svn_ws\ar_env\branches\shan.ye\platforminterface\ar_env\build\x64\debug\ar_env.pdb
e:\ys_alva\tortoise_svn_ws\ar_env\branches\shan.ye\platforminterface\ar_env\build\x64\debug\ar_env.lib
e:\ys_alva\tortoise_svn_ws\ar_env\branches\shan.ye\platforminterface\ar_env\build\x64\debug\ar_env.exp
e:\ys_alva\tortoise_svn_ws\ar_env\branches\shan.ye\platforminterface\ar_env\projects\visualstudio2015\..\..\build\x64\debug\ar_env.pdb
e:\ys_alva\tortoise_svn_ws\ar_env\branches\shan.ye\platforminterface\ar_env\projects\visualstudio2015\..\..\build\x64\debug\ar_env.dll
e:\ys_alva\tortoise_svn_ws\ar_env\branches\shan.ye\platforminterface\ar_env\projects\visualstudio2015\..\..\build\x64\debug\ar_env.ilk
e:\ys_alva\tortoise_svn_ws\ar_env\branches\shan.ye\platforminterface\ar_env\build\x64\debug\renderingplugin.tlog\cl.command.1.tlog
e:\ys_alva\tortoise_svn_ws\ar_env\branches\shan.ye\platforminterface\ar_env\build\x64\debug\renderingplugin.tlog\cl.read.1.tlog
e:\ys_alva\tortoise_svn_ws\ar_env\branches\shan.ye\platforminterface\ar_env\build\x64\debug\renderingplugin.tlog\cl.write.1.tlog
e:\ys_alva\tortoise_svn_ws\ar_env\branches\shan.ye\platforminterface\ar_env\build\x64\debug\renderingplugin.tlog\link.command.1.tlog
e:\ys_alva\tortoise_svn_ws\ar_env\branches\shan.ye\platforminterface\ar_env\build\x64\debug\renderingplugin.tlog\link.read.1.tlog
e:\ys_alva\tortoise_svn_ws\ar_env\branches\shan.ye\platforminterface\ar_env\build\x64\debug\renderingplugin.tlog\link.write.1.tlog
e:\ys_alva\tortoise_svn_ws\ar_env\branches\shan.ye\platforminterface\ar_env\build\x64\debug\renderingplugin.tlog\renderingplugin.write.1u.tlog
